<?xml version="1.0" encoding="UTF-8"?>
<!-- Generated by org.testng.reporters.JUnitReportReporter -->
<testsuite hostname="Ghost" name="chapter04.orpahn.OrphanRemovalTest" tests="1" failures="1" timestamp="4 Mar 2015 13:36:27 GMT" time="0.000" errors="0">
  <testcase name="orphanRemovalTest" time="0.000" classname="chapter04.orpahn.OrphanRemovalTest">
    <failure type="java.util.ServiceConfigurationError" message="org.hibernate.integrator.spi.Integrator: Provider org.hibernate.ogm.service.impl.OgmIntegrator could not be instantiated: java.lang.NoClassDefFoundError: org/hibernate/boot/registry/StandardServiceInitiator">
      <![CDATA[java.util.ServiceConfigurationError: org.hibernate.integrator.spi.Integrator: Provider org.hibernate.ogm.service.impl.OgmIntegrator could not be instantiated: java.lang.NoClassDefFoundError: org/hibernate/boot/registry/StandardServiceInitiator
	at java.util.ServiceLoader.fail(ServiceLoader.java:224)
	at java.util.ServiceLoader.access$100(ServiceLoader.java:181)
	at java.util.ServiceLoader$LazyIterator.next(ServiceLoader.java:377)
	at java.util.ServiceLoader$1.next(ServiceLoader.java:445)
	at org.hibernate.service.classloading.internal.ClassLoaderServiceImpl.loadJavaServices(ClassLoaderServiceImpl.java:246)
	at org.hibernate.integrator.internal.IntegratorServiceImpl.<init>(IntegratorServiceImpl.java:53)
	at org.hibernate.service.internal.BootstrapServiceRegistryImpl.<init>(BootstrapServiceRegistryImpl.java:105)
	at org.hibernate.service.internal.BootstrapServiceRegistryImpl.<init>(BootstrapServiceRegistryImpl.java:73)
	at org.hibernate.service.ServiceRegistryBuilder.<init>(ServiceRegistryBuilder.java:78)
	at chapter03.hibernate.PersistenceTest.setUp(PersistenceTest.java:26)
	at sun.reflect.NativeMethodAccessorImpl.invoke0(Native Method)
	at sun.reflect.NativeMethodAccessorImpl.invoke(NativeMethodAccessorImpl.java:57)
	at sun.reflect.DelegatingMethodAccessorImpl.invoke(DelegatingMethodAccessorImpl.java:43)
	at java.lang.reflect.Method.invoke(Method.java:606)
	at org.testng.internal.MethodInvocationHelper.invokeMethod(MethodInvocationHelper.java:85)
	at org.testng.internal.Invoker.invokeConfigurationMethod(Invoker.java:552)
	at org.testng.internal.Invoker.invokeConfigurations(Invoker.java:215)
	at org.testng.internal.Invoker.invokeConfigurations(Invoker.java:140)
	at org.testng.SuiteRunner.privateRun(SuiteRunner.java:291)
	at org.testng.SuiteRunner.run(SuiteRunner.java:254)
	at org.testng.SuiteRunnerWorker.runSuite(SuiteRunnerWorker.java:52)
	at org.testng.SuiteRunnerWorker.run(SuiteRunnerWorker.java:86)
	at org.testng.TestNG.runSuitesSequentially(TestNG.java:1224)
	at org.testng.TestNG.runSuitesLocally(TestNG.java:1149)
	at org.testng.TestNG.run(TestNG.java:1057)
	at org.apache.maven.surefire.testng.TestNGExecutor.run(TestNGExecutor.java:77)
	at org.apache.maven.surefire.testng.TestNGDirectoryTestSuite.executeMulti(TestNGDirectoryTestSuite.java:159)
	at org.apache.maven.surefire.testng.TestNGDirectoryTestSuite.execute(TestNGDirectoryTestSuite.java:99)
	at org.apache.maven.surefire.testng.TestNGProvider.invoke(TestNGProvider.java:106)
	at sun.reflect.NativeMethodAccessorImpl.invoke0(Native Method)
	at sun.reflect.NativeMethodAccessorImpl.invoke(NativeMethodAccessorImpl.java:57)
	at sun.reflect.DelegatingMethodAccessorImpl.invoke(DelegatingMethodAccessorImpl.java:43)
	at java.lang.reflect.Method.invoke(Method.java:606)
	at org.apache.maven.surefire.util.ReflectionUtils.invokeMethodWithArray(ReflectionUtils.java:189)
	at org.apache.maven.surefire.booter.ProviderFactory$ProviderProxy.invoke(ProviderFactory.java:165)
	at org.apache.maven.surefire.booter.ProviderFactory.invokeProvider(ProviderFactory.java:85)
	at org.apache.maven.surefire.booter.ForkedBooter.runSuitesInProcess(ForkedBooter.java:115)
	at org.apache.maven.surefire.booter.ForkedBooter.main(ForkedBooter.java:75)
Caused by: java.lang.NoClassDefFoundError: org/hibernate/boot/registry/StandardServiceInitiator
	at java.lang.Class.getDeclaredConstructors0(Native Method)
	at java.lang.Class.privateGetDeclaredConstructors(Class.java:2483)
	at java.lang.Class.getConstructor0(Class.java:2793)
	at java.lang.Class.newInstance(Class.java:345)
	at java.util.ServiceLoader$LazyIterator.next(ServiceLoader.java:373)
	... 35 more
Caused by: java.lang.ClassNotFoundException: org.hibernate.boot.registry.StandardServiceInitiator
	at java.net.URLClassLoader$1.run(URLClassLoader.java:366)
	at java.net.URLClassLoader$1.run(URLClassLoader.java:355)
	at java.security.AccessController.doPrivileged(Native Method)
	at java.net.URLClassLoader.findClass(URLClassLoader.java:354)
	at java.lang.ClassLoader.loadClass(ClassLoader.java:424)
	at sun.misc.Launcher$AppClassLoader.loadClass(Launcher.java:308)
	at java.lang.ClassLoader.loadClass(ClassLoader.java:357)
	... 40 more
]]>
    </failure>
  </testcase> <!-- orphanRemovalTest -->
</testsuite> <!-- chapter04.orpahn.OrphanRemovalTest -->
