<?xml version="1.0" encoding="UTF-8"?>
<!-- Generated by org.testng.reporters.JUnitReportReporter -->
<testsuite hostname="Ghost" name="hibernate.PersistenceTest" tests="2" failures="0" timestamp="11 Feb 2015 11:57:57 GMT" time="0.176" errors="0">
  <testcase name="readMessage" time="0.087" classname="hibernate.PersistenceTest"/>
  <testcase name="saveMessage" time="0.089" classname="hibernate.PersistenceTest"/>
</testsuite> <!-- hibernate.PersistenceTest -->
