<?xml version="1.0" encoding="UTF-8"?>
<!-- Generated by org.testng.reporters.JUnitReportReporter -->
<testsuite hostname="Ghost" name="hibernate.ModelTest" tests="1" failures="0" timestamp="11 Feb 2015 05:24:04 GMT" time="0.010" errors="0">
  <testcase name="testModelCreation" time="0.010" classname="hibernate.ModelTest"/>
</testsuite> <!-- hibernate.ModelTest -->
