<?xml version="1.0" encoding="UTF-8"?>
<!-- Generated by org.testng.reporters.JUnitReportReporter -->
<testsuite hostname="Ghost" name="chapter07.validated.ValidatedTest" tests="4" failures="0" timestamp="3 Mar 2015 04:50:04 GMT" time="1.523" errors="0">
  <testcase name="createValidNoFNamePerson" time="1.290" classname="chapter07.validated.ValidatedTest"/>
  <testcase name="createValidUnderagePerson" time="0.105" classname="chapter07.validated.ValidatedTest"/>
  <testcase name="createValidPoorFNamePerson" time="0.006" classname="chapter07.validated.ValidatedTest"/>
  <testcase name="createValidPerson" time="0.122" classname="chapter07.validated.ValidatedTest"/>
</testsuite> <!-- chapter07.validated.ValidatedTest -->
