<?xml version="1.0" encoding="UTF-8"?>
<!-- Generated by org.testng.reporters.JUnitReportReporter -->
<testsuite hostname="Ghost" name="chapter09.QueryTest" tests="1" failures="0" timestamp="4 Mar 2015 04:38:51 GMT" time="1.444" errors="0">
  <testcase name="testSimpleQuery" time="1.444" classname="chapter09.QueryTest"/>
</testsuite> <!-- chapter09.QueryTest -->
