<?xml version="1.0" encoding="UTF-8"?>
<!-- Generated by org.testng.reporters.JUnitReportReporter -->
<testsuite hostname="Ghost" name="chapter04.orpahn.OrphanRemovalTest" tests="1" failures="0" timestamp="27 Feb 2015 07:25:18 GMT" time="1.258" errors="0">
  <testcase name="orphanRemovalTest" time="1.258" classname="chapter04.orpahn.OrphanRemovalTest"/>
</testsuite> <!-- chapter04.orpahn.OrphanRemovalTest -->
