<?xml version="1.0" encoding="UTF-8"?>
<!-- Generated by org.testng.reporters.JUnitReportReporter -->
<testsuite hostname="Ghost" name="hibernate.AddRankingTest" tests="1" failures="0" timestamp="25 Feb 2015 13:26:08 GMT" time="1.187" errors="0">
  <testcase name="addRanking" time="1.187" classname="hibernate.AddRankingTest"/>
</testsuite> <!-- hibernate.AddRankingTest -->
