<?xml version="1.0" encoding="UTF-8"?>
<!-- Generated by org.testng.reporters.JUnitReportReporter -->
<testsuite hostname="Ghost" name="hibernate.SkillTest" tests="1" failures="0" timestamp="11 Feb 2015 13:13:16 GMT" time="0.890" errors="0">
  <testcase name="testSaveSkill" time="0.890" classname="hibernate.SkillTest"/>
</testsuite> <!-- hibernate.SkillTest -->
