<?xml version="1.0" encoding="UTF-8"?>
<!-- Generated by org.testng.reporters.JUnitReportReporter -->
<testsuite hostname="Ghost" name="hibernate.RankingServiceTest" tests="1" failures="0" timestamp="26 Feb 2015 09:59:43 GMT" time="1.325" errors="0">
  <testcase name="removeRanking" time="1.325" classname="hibernate.RankingServiceTest"/>
</testsuite> <!-- hibernate.RankingServiceTest -->
