<?xml version="1.0" encoding="UTF-8"?>
<!-- Generated by org.testng.reporters.JUnitReportReporter -->
<testsuite hostname="Ghost" name="chapter07.jpasession.JPASessionTest" tests="1" failures="0" timestamp="3 Mar 2015 03:28:39 GMT" time="1.780" errors="0">
  <testcase name="testSession" time="1.780" classname="chapter07.jpasession.JPASessionTest"/>
</testsuite> <!-- chapter07.jpasession.JPASessionTest -->
