<?xml version="1.0" encoding="UTF-8"?>
<!-- Generated by org.testng.reporters.JUnitReportReporter -->
<testsuite hostname="Ghost" name="broken.MappingBrokenTest" tests="1" failures="0" timestamp="27 Feb 2015 00:35:16 GMT" time="0.922" errors="0">
  <testcase name="testProperSimpleInversionCode" time="0.922" classname="broken.MappingBrokenTest"/>
</testsuite> <!-- broken.MappingBrokenTest -->
