<?xml version="1.0" encoding="UTF-8"?>
<!-- Generated by org.testng.reporters.JUnitReportReporter -->
<testsuite hostname="Ghost" name="chapter06.naturalid.NaturalIDTest" tests="1" failures="0" timestamp="2 Mar 2015 07:53:21 GMT" time="0.987" errors="0">
  <testcase name="testGetByNaturalID" time="0.987" classname="chapter06.naturalid.NaturalIDTest"/>
</testsuite> <!-- chapter06.naturalid.NaturalIDTest -->
