<?xml version="1.0" encoding="UTF-8"?>
<!-- Generated by org.testng.reporters.JUnitReportReporter -->
<testsuite hostname="Ghost" name="chapter07.lifecycle.LifecycleTest" tests="1" failures="0" timestamp="3 Mar 2015 03:55:36 GMT" time="1.461" errors="0">
  <testcase name="testLifeCycle" time="1.461" classname="chapter07.lifecycle.LifecycleTest"/>
</testsuite> <!-- chapter07.lifecycle.LifecycleTest -->
