<?xml version="1.0" encoding="UTF-8"?>
<!-- Generated by org.testng.reporters.JUnitReportReporter -->
<testsuite hostname="Ghost" name="hibernate.PersonTest" tests="1" failures="0" timestamp="11 Feb 2015 12:04:36 GMT" time="0.897" errors="0">
  <testcase name="testSavePerson" time="0.897" classname="hibernate.PersonTest"/>
</testsuite> <!-- hibernate.PersonTest -->
