<?xml version="1.0" encoding="UTF-8"?>
<!-- Generated by org.testng.reporters.JUnitReportReporter -->
<testsuite hostname="Ghost" name="chapter10.CriteriaTest" tests="1" failures="0" timestamp="4 Mar 2015 06:10:02 GMT" time="1.367" errors="0">
  <testcase name="testQueryByExampleForProduct" time="1.367" classname="chapter10.CriteriaTest"/>
</testsuite> <!-- chapter10.CriteriaTest -->
